mode: set
github.com/GolangToolKits/go-mail-sender/office365Sender.go:18.51,20.2 1 1
github.com/GolangToolKits/go-mail-sender/office365Sender.go:23.74,25.2 1 1
github.com/GolangToolKits/go-mail-sender/office365Sender.go:28.70,31.10 3 1
github.com/GolangToolKits/go-mail-sender/office365Sender.go:42.2,42.20 1 1
github.com/GolangToolKits/go-mail-sender/office365Sender.go:31.10,32.29 1 1
github.com/GolangToolKits/go-mail-sender/office365Sender.go:33.20,34.28 1 0
github.com/GolangToolKits/go-mail-sender/office365Sender.go:35.20,36.28 1 1
github.com/GolangToolKits/go-mail-sender/office365Sender.go:37.11,39.46 2 0
github.com/GolangToolKits/go-mail-sender/office365Sender.go:54.57,56.60 2 1
github.com/GolangToolKits/go-mail-sender/office365Sender.go:106.2,106.12 1 1
github.com/GolangToolKits/go-mail-sender/office365Sender.go:56.60,59.18 3 1
github.com/GolangToolKits/go-mail-sender/office365Sender.go:59.18,61.19 2 1
github.com/GolangToolKits/go-mail-sender/office365Sender.go:61.19,66.21 4 1
github.com/GolangToolKits/go-mail-sender/office365Sender.go:66.21,70.21 3 1
github.com/GolangToolKits/go-mail-sender/office365Sender.go:70.21,72.40 2 1
github.com/GolangToolKits/go-mail-sender/office365Sender.go:78.7,87.21 4 1
github.com/GolangToolKits/go-mail-sender/office365Sender.go:72.40,74.40 2 1
github.com/GolangToolKits/go-mail-sender/office365Sender.go:74.40,76.9 1 1
github.com/GolangToolKits/go-mail-sender/office365Sender.go:87.21,89.8 1 1
github.com/GolangToolKits/go-mail-sender/office365Sender.go:89.13,91.8 1 1
github.com/GolangToolKits/go-mail-sender/office365Sender.go:92.12,94.7 1 1
github.com/GolangToolKits/go-mail-sender/office365Sender.go:95.11,97.6 1 0
github.com/GolangToolKits/go-mail-sender/office365Sender.go:98.10,100.5 1 0
github.com/GolangToolKits/go-mail-sender/office365Sender.go:101.9,103.4 1 1
github.com/GolangToolKits/go-mail-sender/office365Sender.go:110.40,112.2 1 1
github.com/GolangToolKits/go-mail-sender/plainSender.go:17.53,19.60 2 1
github.com/GolangToolKits/go-mail-sender/plainSender.go:43.2,43.12 1 1
github.com/GolangToolKits/go-mail-sender/plainSender.go:19.60,22.36 3 1
github.com/GolangToolKits/go-mail-sender/plainSender.go:28.3,37.17 4 1
github.com/GolangToolKits/go-mail-sender/plainSender.go:22.36,24.36 2 1
github.com/GolangToolKits/go-mail-sender/plainSender.go:24.36,26.5 1 1
github.com/GolangToolKits/go-mail-sender/plainSender.go:37.17,39.4 1 1
github.com/GolangToolKits/go-mail-sender/plainSender.go:39.9,41.4 1 0
github.com/GolangToolKits/go-mail-sender/plainSender.go:47.36,49.2 1 1
github.com/GolangToolKits/go-mail-sender/secureSender.go:18.54,20.60 2 1
github.com/GolangToolKits/go-mail-sender/secureSender.go:83.2,83.12 1 1
github.com/GolangToolKits/go-mail-sender/secureSender.go:20.60,27.18 7 1
github.com/GolangToolKits/go-mail-sender/secureSender.go:27.18,29.19 2 0
github.com/GolangToolKits/go-mail-sender/secureSender.go:29.19,31.20 2 0
github.com/GolangToolKits/go-mail-sender/secureSender.go:75.5,75.18 1 0
github.com/GolangToolKits/go-mail-sender/secureSender.go:31.20,33.21 2 0
github.com/GolangToolKits/go-mail-sender/secureSender.go:33.21,35.40 2 0
github.com/GolangToolKits/go-mail-sender/secureSender.go:45.7,48.22 3 0
github.com/GolangToolKits/go-mail-sender/secureSender.go:35.40,37.40 2 0
github.com/GolangToolKits/go-mail-sender/secureSender.go:40.8,41.23 2 0
github.com/GolangToolKits/go-mail-sender/secureSender.go:37.40,39.9 1 0
github.com/GolangToolKits/go-mail-sender/secureSender.go:41.23,43.9 1 0
github.com/GolangToolKits/go-mail-sender/secureSender.go:48.22,56.23 3 0
github.com/GolangToolKits/go-mail-sender/secureSender.go:56.23,58.24 2 0
github.com/GolangToolKits/go-mail-sender/secureSender.go:58.24,60.10 1 0
github.com/GolangToolKits/go-mail-sender/secureSender.go:60.15,62.10 1 0
github.com/GolangToolKits/go-mail-sender/secureSender.go:63.14,65.9 1 0
github.com/GolangToolKits/go-mail-sender/secureSender.go:66.13,68.8 1 0
github.com/GolangToolKits/go-mail-sender/secureSender.go:69.12,71.7 1 0
github.com/GolangToolKits/go-mail-sender/secureSender.go:72.11,74.6 1 0
github.com/GolangToolKits/go-mail-sender/secureSender.go:76.10,78.5 1 0
github.com/GolangToolKits/go-mail-sender/secureSender.go:79.9,81.4 1 1
github.com/GolangToolKits/go-mail-sender/secureSender.go:87.37,89.2 1 1
